<?xml version="1.0" encoding="UTF-8"?>
<!-- Generated by org.testng.reporters.JUnitXMLReporter -->
<testsuite hostname="ASDP1749PO02529" ignored="0" name="Command line test" tests="12" failures="0" timestamp="28 Jun 2017 03:59:56 GMT" time="0.102" errors="0">
  <testcase name="addOptionShouldMethodShouldAppendPropertiesFileWithNewProperty" time="0.052" classname="com.qainfotech.tap.training.resourceio.PropertiesOptionsIOTest"/>
  <testcase name="getOptionValueMethodShouldReturnOptionValuesFromPropertiesFile" time="0.001" classname="com.qainfotech.tap.training.resourceio.PropertiesOptionsIOTest"/>
  <testcase name="Team_getActiveMembers_should_return_a_list_of_team_members_that_are_active" time="0.011" classname="com.qainfotech.tap.training.resourceio.TeamsJsonReaderTest"/>
  <testcase name="Team_getInactiveMembers_should_return_a_list_of_individual_team_members_that_are_inactive" time="0.004" classname="com.qainfotech.tap.training.resourceio.TeamsJsonReaderTest"/>
  <testcase name="getIndividualById_should_return_Individual_object_matching_id" time="0.001" classname="com.qainfotech.tap.training.resourceio.TeamsJsonReaderTest"/>
  <testcase name="getIndividualById_should_throw_ObjectNotFoundException_for_incorrect_id" time="0.0" classname="com.qainfotech.tap.training.resourceio.TeamsJsonReaderTest"/>
  <testcase name="getIndividualByName_should_return_Individual_object_matching_name" time="0.0" classname="com.qainfotech.tap.training.resourceio.TeamsJsonReaderTest"/>
  <testcase name="getIndividualByName_should_throw_ObjectNotFoundException_for_incorrect_name" time="0.001" classname="com.qainfotech.tap.training.resourceio.TeamsJsonReaderTest"/>
  <testcase name="getListOfActiveIndividuals_ahould_return_array_list_of_only_active_individual_objects" time="0.001" classname="com.qainfotech.tap.training.resourceio.TeamsJsonReaderTest"/>
  <testcase name="getListOfInactiveIndividuals_should_return_array_list_of_only_inactive_individual_objects" time="0.0" classname="com.qainfotech.tap.training.resourceio.TeamsJsonReaderTest"/>
  <testcase name="getListOfIndividuals_should_return_array_list_of_all_individual_objects" time="0.001" classname="com.qainfotech.tap.training.resourceio.TeamsJsonReaderTest"/>
  <testcase name="getListOfTeams_should_return_a_list_if_Team_object_from_db_json" time="0.005" classname="com.qainfotech.tap.training.resourceio.TeamsJsonReaderTest"/>
</testsuite> <!-- Command line test -->
